#-----------------------------------------------------------
# Vivado v2019.1.3 (64-bit)
# SW Build 2644227 on Wed Sep  4 09:45:24 MDT 2019
# IP Build 2633630 on Wed Sep  4 12:30:14 MDT 2019
# Start of session at: Wed Sep  8 13:18:32 2021
# Process ID: 14852
# Current directory: E:/zyj/magic code/project_1
# Command line: vivado.exe -gui_launcher_event rodinguilauncherevent15572 E:\zyj\magic code\project_1\project_1.xpr
# Log file: E:/zyj/magic code/project_1/vivado.log
# Journal file: E:/zyj/magic code/project_1\vivado.jou
#-----------------------------------------------------------
start_gui
open_project {E:/zyj/magic code/project_1/project_1.xpr}
Scanning sources...
Finished scanning sources
INFO: [IP_Flow 19-234] Refreshing IP repositories
INFO: [IP_Flow 19-1704] No user IP repositories specified
INFO: [IP_Flow 19-2313] Loaded Vivado IP repository 'C:/Xilinx/Vivado/2019.1/data/ip'.
open_project: Time (s): cpu = 00:00:22 ; elapsed = 00:00:11 . Memory (MB): peak = 699.266 ; gain = 71.656
update_compile_order -fileset sources_1
exit
INFO: [Common 17-206] Exiting Vivado at Wed Sep  8 13:19:49 2021...
