#-----------------------------------------------------------
# Vivado v2019.1.3 (64-bit)
# SW Build 2644227 on Wed Sep  4 09:45:24 MDT 2019
# IP Build 2633630 on Wed Sep  4 12:30:14 MDT 2019
# Start of session at: Wed Apr 29 19:45:50 2020
# Process ID: 7432
# Current directory: E:/zyj/magic code/project_1
# Command line: vivado.exe -gui_launcher_event rodinguilauncherevent17352 E:\zyj\magic code\project_1\project_1.xpr
# Log file: E:/zyj/magic code/project_1/vivado.log
# Journal file: E:/zyj/magic code/project_1\vivado.jou
#-----------------------------------------------------------
start_gui
open_project {E:/zyj/magic code/project_1/project_1.xpr}
Scanning sources...
Finished scanning sources
INFO: [IP_Flow 19-234] Refreshing IP repositories
INFO: [IP_Flow 19-1704] No user IP repositories specified
INFO: [IP_Flow 19-2313] Loaded Vivado IP repository 'C:/Xilinx/Vivado/2019.1/data/ip'.
open_project: Time (s): cpu = 00:00:39 ; elapsed = 00:00:22 . Memory (MB): peak = 699.680 ; gain = 84.121
update_compile_order -fileset sources_1
exit
INFO: [Common 17-206] Exiting Vivado at Wed Apr 29 19:47:54 2020...
